================================

Model: nb
Use features: False
Self train: False
----------------

----------------
Validate
----------------
Accuracy: 0.8677099266580383
Precision: 0.49045691150954307
Recall: 0.8670756646216768
F1: 0.6265238271148873
Correct: 848
Incorrect: 881
Missed: 130

----------------
Test
----------------
Accuracy: 0.8424952872093779
Precision: 0.3985722784057109
Recall: 0.8438287153652393
F1: 0.5414141414141415
Correct: 670
Incorrect: 1011
Missed: 124

Time elapsed: 16.429840564727783 seconds.

================================
================================

Model: hmm-1
Use features: False
Self train: False
----------------

----------------
Validate
----------------
Accuracy: 0.9597599717613837
Precision: 0.49777211966900065
Recall: 0.7995910020449898
F1: 0.6135739505688506
Correct: 782
Incorrect: 789
Missed: 196

----------------
Test
----------------
Accuracy: 0.9383978678685185
Precision: 0.3980392156862745
Recall: 0.7670025188916877
F1: 0.5240963855421686
Correct: 609
Incorrect: 921
Missed: 185

Time elapsed: 16.50096344947815 seconds.

================================
================================

Model: hmm-2
Use features: False
Self train: False
----------------

----------------
Validate
----------------
Accuracy: 0.9546025022551673
Precision: 0.4853489611081513
Recall: 0.9314928425357873
F1: 0.6381786339754815
Correct: 911
Incorrect: 966
Missed: 67

----------------
Test
----------------
Accuracy: 0.9348876514051699
Precision: 0.3751987281399046
Recall: 0.8916876574307305
F1: 0.5281611339052592
Correct: 708
Incorrect: 1179
Missed: 86

Time elapsed: 25.280735969543457 seconds.

================================
================================

Model: hmm-3
Use features: False
Self train: False
----------------

----------------
Validate
----------------
Accuracy: 0.9548770443581598
Precision: 0.4838536060279871
Recall: 0.9192229038854806
F1: 0.6339915373765868
Correct: 899
Incorrect: 959
Missed: 79

----------------
Test
----------------
Accuracy: 0.9363177395939416
Precision: 0.3851132686084142
Recall: 0.8992443324937027
F1: 0.5392749244712991
Correct: 714
Incorrect: 1140
Missed: 80

Time elapsed: 50.99560308456421 seconds.

================================
================================

Model: maxent
Use features: False
Self train: False
----------------

Epoch: 0, Loss: 0.050287, F1: 0.581028 - IMPROVED
Epoch: 1, Loss: 0.028916, F1: 0.655298 - IMPROVED
Epoch: 2, Loss: 0.023733, F1: 0.695861 - IMPROVED
Epoch: 3, Loss: 0.021183, F1: 0.723225 - IMPROVED
Epoch: 4, Loss: 0.019645, F1: 0.754059 - IMPROVED
Epoch: 5, Loss: 0.018614, F1: 0.760192 - IMPROVED
Epoch: 6, Loss: 0.017875, F1: 0.764072 - IMPROVED
Epoch: 7, Loss: 0.017320, F1: 0.766467 - IMPROVED
Epoch: 8, Loss: 0.016890, F1: 0.769415 - IMPROVED
Epoch: 9, Loss: 0.016546, F1: 0.785334 - IMPROVED
----------------
Validate
----------------
Accuracy: 0.9827038475114719
Precision: 0.9312762973352033
Recall: 0.6789366053169734
F1: 0.7853341218214074
Correct: 664
Incorrect: 49
Missed: 314

----------------
Test
----------------
Accuracy: 0.9819288856146129
Precision: 0.9342105263157895
Recall: 0.6259445843828715
F1: 0.7496229260935143
Correct: 497
Incorrect: 35
Missed: 297

Time elapsed: 90.26767683029175 seconds.

================================
================================

Model: crf
Use features: False
Self train: False
----------------

Epoch: 0, Loss: 1.642532, F1: 0.768975 - IMPROVED
Epoch: 1, Loss: 0.773150, F1: 0.793333 - IMPROVED
Epoch: 2, Loss: 0.756698, F1: 0.784964 
Epoch: 3, Loss: 0.752064, F1: 0.787012 
Epoch: 4, Loss: 0.750297, F1: 0.788451 
Epoch: 5, Loss: 0.747841, F1: 0.765608 
Epoch: 6, Loss: 0.747586, F1: 0.785675 
Epoch: 7, Loss: 0.746632, F1: 0.803132 - IMPROVED
Epoch: 8, Loss: 0.747121, F1: 0.788281 
Epoch: 9, Loss: 0.745529, F1: 0.786849 
----------------
Validate
----------------
Accuracy: 0.983645134721732
Precision: 0.8864197530864197
Recall: 0.7341513292433538
F1: 0.803131991051454
Correct: 718
Incorrect: 92
Missed: 260

----------------
Test
----------------
Accuracy: 0.9816255335745704
Precision: 0.8752052545155994
Recall: 0.6712846347607053
F1: 0.7598004276550249
Correct: 533
Incorrect: 76
Missed: 261

Time elapsed: 102.06389427185059 seconds.

================================
================================

Model: lstm-crf
Use features: False
Self train: False
----------------

Epoch: 0, Loss: 0.878443, F1: 0.876684 - IMPROVED
Epoch: 1, Loss: 0.375074, F1: 0.900415 - IMPROVED
Epoch: 2, Loss: 0.306903, F1: 0.912371 - IMPROVED
Epoch: 3, Loss: 0.260102, F1: 0.933820 - IMPROVED
Epoch: 4, Loss: 0.226208, F1: 0.931563 
Epoch: 5, Loss: 0.199163, F1: 0.930037 
Epoch: 6, Loss: 0.177107, F1: 0.942669 - IMPROVED
Epoch: 7, Loss: 0.158700, F1: 0.948823 - IMPROVED
Epoch: 8, Loss: 0.142446, F1: 0.948133 
Epoch: 9, Loss: 0.129575, F1: 0.948232 
----------------
Validate
----------------
Accuracy: 0.9946660391418598
Precision: 0.9497950819672131
Recall: 0.9478527607361963
F1: 0.9488229273285567
Correct: 927
Incorrect: 49
Missed: 51

----------------
Test
----------------
Accuracy: 0.9934995991419471
Precision: 0.9413265306122449
Recall: 0.929471032745592
F1: 0.935361216730038
Correct: 738
Incorrect: 46
Missed: 56

Time elapsed: 311.3533296585083 seconds.

================================
================================

Model: lstm-crf-cnn
Use features: False
Self train: False
----------------

Epoch: 0, Loss: 0.935252, F1: 0.871120 - IMPROVED
Epoch: 1, Loss: 0.372523, F1: 0.900000 - IMPROVED
Epoch: 2, Loss: 0.293485, F1: 0.918200 - IMPROVED
Epoch: 3, Loss: 0.235772, F1: 0.949380 - IMPROVED
Epoch: 4, Loss: 0.193322, F1: 0.943854 
Epoch: 5, Loss: 0.162167, F1: 0.960082 - IMPROVED
Epoch: 6, Loss: 0.139766, F1: 0.964139 - IMPROVED
Epoch: 7, Loss: 0.121829, F1: 0.966084 - IMPROVED
Epoch: 8, Loss: 0.104915, F1: 0.968605 - IMPROVED
Epoch: 9, Loss: 0.092856, F1: 0.971722 - IMPROVED
----------------
Validate
----------------
Accuracy: 0.9963525120602423
Precision: 0.9772492244053774
Recall: 0.9662576687116564
F1: 0.9717223650385605
Correct: 945
Incorrect: 22
Missed: 33

----------------
Test
----------------
Accuracy: 0.9953847153907824
Precision: 0.967948717948718
Recall: 0.9508816120906801
F1: 0.9593392630241423
Correct: 755
Incorrect: 25
Missed: 39

Time elapsed: 950.7228214740753 seconds.

================================
================================

Model: lstm-crf-lstm
Use features: False
Self train: False
----------------

Epoch: 0, Loss: 1.249356, F1: 0.869298 - IMPROVED
Epoch: 1, Loss: 0.345925, F1: 0.919003 - IMPROVED
Epoch: 2, Loss: 0.264505, F1: 0.944074 - IMPROVED
Epoch: 3, Loss: 0.204700, F1: 0.954195 - IMPROVED
Epoch: 4, Loss: 0.163145, F1: 0.966258 - IMPROVED
Epoch: 5, Loss: 0.130989, F1: 0.966854 - IMPROVED
Epoch: 6, Loss: 0.114297, F1: 0.971809 - IMPROVED
Epoch: 7, Loss: 0.099453, F1: 0.973833 - IMPROVED
Epoch: 8, Loss: 0.087516, F1: 0.972165 
Epoch: 9, Loss: 0.079385, F1: 0.970874 
----------------
Validate
----------------
Accuracy: 0.9963721222104561
Precision: 0.9773429454170958
Recall: 0.9703476482617587
F1: 0.9738327347357619
Correct: 949
Incorrect: 22
Missed: 29

----------------
Test
----------------
Accuracy: 0.9958614114537063
Precision: 0.9719745222929936
Recall: 0.9609571788413098
F1: 0.9664344521849272
Correct: 763
Incorrect: 22
Missed: 31

Time elapsed: 551.4341716766357 seconds.

================================
================================

Model: nb
Use features: True
Self train: False
----------------

----------------
Validate
----------------
Accuracy: 0.9474447974271483
Precision: 0.8130921619293713
Recall: 0.9652351738241309
F1: 0.8826554464703132
Correct: 944
Incorrect: 217
Missed: 34

----------------
Test
----------------
Accuracy: 0.9339342592793223
Precision: 0.7295238095238096
Recall: 0.964735516372796
F1: 0.8308026030368765
Correct: 766
Incorrect: 284
Missed: 28

Time elapsed: 16.512824535369873 seconds.

================================
================================

Model: hmm-1
Use features: True
Self train: False
----------------

----------------
Validate
----------------
Accuracy: 0.9761344471898655
Precision: 0.8285968028419183
Recall: 0.9539877300613497
F1: 0.8868821292775665
Correct: 933
Incorrect: 193
Missed: 45

----------------
Test
----------------
Accuracy: 0.9692097679356894
Precision: 0.7570564516129032
Recall: 0.9458438287153652
F1: 0.8409854423292273
Correct: 751
Incorrect: 241
Missed: 43

Time elapsed: 16.308162689208984 seconds.

================================
================================

Model: hmm-2
Use features: True
Self train: False
----------------

----------------
Validate
----------------
Accuracy: 0.977193395301408
Precision: 0.7961409395973155
Recall: 0.9703476482617587
F1: 0.8746543778801844
Correct: 949
Incorrect: 243
Missed: 29

----------------
Test
----------------
Accuracy: 0.969166431929969
Precision: 0.7027522935779816
Recall: 0.964735516372796
F1: 0.8131634819532909
Correct: 766
Incorrect: 324
Missed: 28

Time elapsed: 24.380573749542236 seconds.

================================
================================

Model: hmm-3
Use features: True
Self train: False
----------------

----------------
Validate
----------------
Accuracy: 0.9771541750009806
Precision: 0.7938230383973289
Recall: 0.9723926380368099
F1: 0.8740808823529412
Correct: 951
Incorrect: 247
Missed: 27

----------------
Test
----------------
Accuracy: 0.968429719832723
Precision: 0.6975476839237057
Recall: 0.9672544080604534
F1: 0.8105540897097625
Correct: 768
Incorrect: 333
Missed: 26

Time elapsed: 51.26659655570984 seconds.

================================
================================

Model: maxent
Use features: True
Self train: False
----------------

Epoch: 0, Loss: 0.043777, F1: 0.696742 - IMPROVED
Epoch: 1, Loss: 0.019897, F1: 0.794994 - IMPROVED
Epoch: 2, Loss: 0.016059, F1: 0.813817 - IMPROVED
Epoch: 3, Loss: 0.014383, F1: 0.824694 - IMPROVED
Epoch: 4, Loss: 0.013417, F1: 0.834682 - IMPROVED
Epoch: 5, Loss: 0.012773, F1: 0.840162 - IMPROVED
Epoch: 6, Loss: 0.012306, F1: 0.844828 - IMPROVED
Epoch: 7, Loss: 0.011948, F1: 0.847963 - IMPROVED
Epoch: 8, Loss: 0.011660, F1: 0.849111 - IMPROVED
Epoch: 9, Loss: 0.011424, F1: 0.851088 - IMPROVED
----------------
Validate
----------------
Accuracy: 0.9874691140134133
Precision: 0.9674479166666666
Recall: 0.7597137014314929
F1: 0.8510882016036655
Correct: 743
Incorrect: 25
Missed: 235

----------------
Test
----------------
Accuracy: 0.9860241381551862
Precision: 0.9472789115646258
Recall: 0.7015113350125944
F1: 0.8060781476121562
Correct: 557
Incorrect: 31
Missed: 237

Time elapsed: 97.67275667190552 seconds.

================================
================================

Model: crf
Use features: True
Self train: False
----------------

Epoch: 0, Loss: 1.180131, F1: 0.928017 - IMPROVED
Epoch: 1, Loss: 0.316055, F1: 0.935467 - IMPROVED
Epoch: 2, Loss: 0.306112, F1: 0.939969 - IMPROVED
Epoch: 3, Loss: 0.302394, F1: 0.933820 
Epoch: 4, Loss: 0.300103, F1: 0.936345 
Epoch: 5, Loss: 0.298229, F1: 0.936475 
Epoch: 6, Loss: 0.296933, F1: 0.939597 
Epoch: 7, Loss: 0.296402, F1: 0.941962 - IMPROVED
Epoch: 8, Loss: 0.295442, F1: 0.936104 
Epoch: 9, Loss: 0.294294, F1: 0.943474 - IMPROVED
----------------
Validate
----------------
Accuracy: 0.9923324312664235
Precision: 0.9483471074380165
Recall: 0.9386503067484663
F1: 0.9434737923946557
Correct: 918
Incorrect: 50
Missed: 60

----------------
Test
----------------
Accuracy: 0.9914844748759507
Precision: 0.9334170854271356
Recall: 0.9357682619647355
F1: 0.9345911949685535
Correct: 743
Incorrect: 53
Missed: 51

Time elapsed: 114.05438828468323 seconds.

================================
================================

Model: lstm-crf
Use features: True
Self train: False
----------------

Epoch: 0, Loss: 0.821357, F1: 0.937859 - IMPROVED
Epoch: 1, Loss: 0.228107, F1: 0.954476 - IMPROVED
Epoch: 2, Loss: 0.182451, F1: 0.961264 - IMPROVED
Epoch: 3, Loss: 0.153632, F1: 0.965306 - IMPROVED
Epoch: 4, Loss: 0.133780, F1: 0.957525 
Epoch: 5, Loss: 0.120394, F1: 0.971311 - IMPROVED
Epoch: 6, Loss: 0.107472, F1: 0.974359 - IMPROVED
Epoch: 7, Loss: 0.098509, F1: 0.973940 
Epoch: 8, Loss: 0.085836, F1: 0.972553 
Epoch: 9, Loss: 0.078378, F1: 0.975934 - IMPROVED
----------------
Validate
----------------
Accuracy: 0.9966270541632349
Precision: 0.9774358974358974
Recall: 0.9744376278118609
F1: 0.9759344598054275
Correct: 953
Incorrect: 22
Missed: 25

----------------
Test
----------------
Accuracy: 0.9958397434508461
Precision: 0.9684343434343434
Recall: 0.9659949622166247
F1: 0.9672131147540983
Correct: 767
Incorrect: 25
Missed: 27

Time elapsed: 333.3095111846924 seconds.

================================
================================

Model: lstm-crf-cnn
Use features: True
Self train: False
----------------

Epoch: 0, Loss: 0.720604, F1: 0.925868 - IMPROVED
Epoch: 1, Loss: 0.227763, F1: 0.950304 - IMPROVED
Epoch: 2, Loss: 0.177519, F1: 0.962698 - IMPROVED
Epoch: 3, Loss: 0.153195, F1: 0.963377 - IMPROVED
Epoch: 4, Loss: 0.133389, F1: 0.971809 - IMPROVED
Epoch: 5, Loss: 0.118126, F1: 0.972279 - IMPROVED
Epoch: 6, Loss: 0.106038, F1: 0.971751 
Epoch: 7, Loss: 0.099469, F1: 0.972666 - IMPROVED
Epoch: 8, Loss: 0.087399, F1: 0.974987 - IMPROVED
Epoch: 9, Loss: 0.081722, F1: 0.974359 
----------------
Validate
----------------
Accuracy: 0.9965878338628074
Precision: 0.9734964322120285
Recall: 0.976482617586912
F1: 0.9749872383869321
Correct: 955
Incorrect: 26
Missed: 23

----------------
Test
----------------
Accuracy: 0.9960997594851683
Precision: 0.9685929648241206
Recall: 0.9710327455919395
F1: 0.969811320754717
Correct: 771
Incorrect: 25
Missed: 23

Time elapsed: 959.4570322036743 seconds.

================================
================================

Model: lstm-crf-lstm
Use features: True
Self train: False
----------------

Epoch: 0, Loss: 0.689069, F1: 0.938797 - IMPROVED
Epoch: 1, Loss: 0.218990, F1: 0.960123 - IMPROVED
Epoch: 2, Loss: 0.172923, F1: 0.964814 - IMPROVED
Epoch: 3, Loss: 0.147615, F1: 0.964957 - IMPROVED
Epoch: 4, Loss: 0.126522, F1: 0.969944 - IMPROVED
Epoch: 5, Loss: 0.111827, F1: 0.975435 - IMPROVED
Epoch: 6, Loss: 0.100749, F1: 0.971982 
Epoch: 7, Loss: 0.092430, F1: 0.972862 
Epoch: 8, Loss: 0.082713, F1: 0.974910 
Epoch: 9, Loss: 0.074971, F1: 0.967876 
----------------
Validate
----------------
Accuracy: 0.9968035455151586
Precision: 0.9764344262295082
Recall: 0.9744376278118609
F1: 0.9754350051177073
Correct: 953
Incorrect: 23
Missed: 25

----------------
Test
----------------
Accuracy: 0.9960347554765877
Precision: 0.9709228824273072
Recall: 0.9672544080604534
F1: 0.9690851735015772
Correct: 768
Incorrect: 23
Missed: 26

Time elapsed: 571.7596244812012 seconds.

================================
================================

Model: nb
Use features: True
Self train: True
----------------

----------------
Validate
----------------
Accuracy: 0.9474447974271483
Precision: 0.8130921619293713
Recall: 0.9652351738241309
F1: 0.8826554464703132
Correct: 944
Incorrect: 217
Missed: 34

----------------
Test
----------------
Accuracy: 0.9339342592793223
Precision: 0.7295238095238096
Recall: 0.964735516372796
F1: 0.8308026030368765
Correct: 766
Incorrect: 284
Missed: 28

Time elapsed: 22.805105924606323 seconds.

================================
================================

Model: hmm-1
Use features: True
Self train: True
----------------

----------------
Validate
----------------
Accuracy: 0.9761344471898655
Precision: 0.8285968028419183
Recall: 0.9539877300613497
F1: 0.8868821292775665
Correct: 933
Incorrect: 193
Missed: 45

----------------
Test
----------------
Accuracy: 0.9692097679356894
Precision: 0.7570564516129032
Recall: 0.9458438287153652
F1: 0.8409854423292273
Correct: 751
Incorrect: 241
Missed: 43

Time elapsed: 22.82415199279785 seconds.

================================
================================

Model: hmm-2
Use features: True
Self train: True
----------------

----------------
Validate
----------------
Accuracy: 0.9771541750009806
Precision: 0.7953020134228188
Recall: 0.9693251533742331
F1: 0.8737327188940092
Correct: 948
Incorrect: 244
Missed: 30

----------------
Test
----------------
Accuracy: 0.969166431929969
Precision: 0.7027522935779816
Recall: 0.964735516372796
F1: 0.8131634819532909
Correct: 766
Incorrect: 324
Missed: 28

Time elapsed: 41.27276945114136 seconds.

================================
================================

Model: hmm-3
Use features: True
Self train: True
----------------

----------------
Validate
----------------
Accuracy: 0.9771541750009806
Precision: 0.7938230383973289
Recall: 0.9723926380368099
F1: 0.8740808823529412
Correct: 951
Incorrect: 247
Missed: 27

----------------
Test
----------------
Accuracy: 0.968429719832723
Precision: 0.6981818181818182
Recall: 0.9672544080604534
F1: 0.8109820485744456
Correct: 768
Incorrect: 332
Missed: 26

Time elapsed: 98.97885370254517 seconds.

================================
