================================

Model: nb
Use features: False
Self train: False
----------------

----------------
Validate
----------------
Accuracy: 0.8677099266580383
Precision: 0.49045691150954307
Recall: 0.8670756646216768
F1: 0.6265238271148873
Correct: 848
Incorrect: 881
Missed: 130

----------------
Test
----------------
Accuracy: 0.39362451567453327
Precision: 0.3064299165994081
Recall: 0.5123706702654071
F1: 0.3835016835016835
Correct: 1139
Incorrect: 2578
Missed: 1084

Time elapsed: 18.99650549888611 seconds.

================================
================================

Model: hmm-1
Use features: False
Self train: False
----------------

----------------
Validate
----------------
Accuracy: 0.9597599717613837
Precision: 0.49777211966900065
Recall: 0.7995910020449898
F1: 0.6135739505688506
Correct: 782
Incorrect: 789
Missed: 196

----------------
Test
----------------
Accuracy: 0.5880591757661149
Precision: 0.30666666666666664
Recall: 0.5069725596041386
F1: 0.3821634452356731
Correct: 1127
Incorrect: 2548
Missed: 1096

Time elapsed: 18.18046474456787 seconds.

================================
================================

Model: hmm-2
Use features: False
Self train: False
----------------

----------------
Validate
----------------
Accuracy: 0.9546025022551673
Precision: 0.4853489611081513
Recall: 0.9314928425357873
F1: 0.6381786339754815
Correct: 911
Incorrect: 966
Missed: 67

----------------
Test
----------------
Accuracy: 0.5945252352437981
Precision: 0.26440591534931157
Recall: 0.4664867296446244
F1: 0.33751017087062657
Correct: 1037
Incorrect: 2885
Missed: 1186

Time elapsed: 26.029376983642578 seconds.

================================
================================

Model: hmm-3
Use features: False
Self train: False
----------------

----------------
Validate
----------------
Accuracy: 0.9548770443581598
Precision: 0.4838536060279871
Recall: 0.9192229038854806
F1: 0.6339915373765868
Correct: 899
Incorrect: 959
Missed: 79

----------------
Test
----------------
Accuracy: 0.5944497559502843
Precision: 0.25459446214163195
Recall: 0.46738641475483583
F1: 0.3296319796954315
Correct: 1039
Incorrect: 3042
Missed: 1184

Time elapsed: 51.553260803222656 seconds.

================================
================================

Model: maxent
Use features: False
Self train: False
----------------

Epoch: 0, Loss: 0.052269, F1: 0.514512 - IMPROVED
Epoch: 1, Loss: 0.029203, F1: 0.634615 - IMPROVED
Epoch: 2, Loss: 0.023955, F1: 0.674238 - IMPROVED
Epoch: 3, Loss: 0.021337, F1: 0.735591 - IMPROVED
Epoch: 4, Loss: 0.019758, F1: 0.739027 - IMPROVED
Epoch: 5, Loss: 0.018699, F1: 0.743195 - IMPROVED
Epoch: 6, Loss: 0.017942, F1: 0.768590 - IMPROVED
Epoch: 7, Loss: 0.017374, F1: 0.774347 - IMPROVED
Epoch: 8, Loss: 0.016935, F1: 0.779097 - IMPROVED
Epoch: 9, Loss: 0.016584, F1: 0.780285 - IMPROVED
----------------
Validate
----------------
Accuracy: 0.9831548809663883
Precision: 0.9305949008498584
Recall: 0.6717791411042945
F1: 0.7802850356294537
Correct: 657
Incorrect: 49
Missed: 321

----------------
Test
----------------
Accuracy: 0.7830473506767976
Precision: 0.72911051212938
Recall: 0.24336482231219073
F1: 0.3649241146711636
Correct: 541
Incorrect: 201
Missed: 1682

Time elapsed: 92.68596243858337 seconds.

================================
================================

Model: crf
Use features: False
Self train: False
----------------

Epoch: 0, Loss: 1.372715, F1: 0.768544 - IMPROVED
Epoch: 1, Loss: 0.776630, F1: 0.763536 
Epoch: 2, Loss: 0.759166, F1: 0.770673 - IMPROVED
Epoch: 3, Loss: 0.751406, F1: 0.781026 - IMPROVED
Epoch: 4, Loss: 0.749693, F1: 0.785872 - IMPROVED
Epoch: 5, Loss: 0.748078, F1: 0.771350 
Epoch: 6, Loss: 0.747042, F1: 0.781163 
Epoch: 7, Loss: 0.746488, F1: 0.784852 
Epoch: 8, Loss: 0.745232, F1: 0.782656 
Epoch: 9, Loss: 0.746206, F1: 0.783324 
----------------
Validate
----------------
Accuracy: 0.9839392869749383
Precision: 0.8537170263788969
Recall: 0.7280163599182005
F1: 0.7858719646799118
Correct: 712
Incorrect: 122
Missed: 266

----------------
Test
----------------
Accuracy: 0.7825693151512102
Precision: 0.7227833894500562
Recall: 0.2896986054880792
F1: 0.41361592806679515
Correct: 644
Incorrect: 247
Missed: 1579

Time elapsed: 108.87009072303772 seconds.

================================
================================

Model: lstm-crf
Use features: False
Self train: False
----------------

Epoch: 0, Loss: 0.913932, F1: 0.863212 - IMPROVED
Epoch: 1, Loss: 0.381989, F1: 0.905040 - IMPROVED
Epoch: 2, Loss: 0.306875, F1: 0.903749 
Epoch: 3, Loss: 0.260137, F1: 0.938797 - IMPROVED
Epoch: 4, Loss: 0.223037, F1: 0.933673 
Epoch: 5, Loss: 0.195601, F1: 0.946597 - IMPROVED
Epoch: 6, Loss: 0.177871, F1: 0.948079 - IMPROVED
Epoch: 7, Loss: 0.157015, F1: 0.946346 
Epoch: 8, Loss: 0.141219, F1: 0.955752 - IMPROVED
Epoch: 9, Loss: 0.130389, F1: 0.951006 
----------------
Validate
----------------
Accuracy: 0.9943522767384398
Precision: 0.9734888653234358
Recall: 0.9386503067484663
F1: 0.9557522123893805
Correct: 918
Incorrect: 25
Missed: 60

----------------
Test
----------------
Accuracy: 0.7869471141750113
Precision: 0.7364185110663984
Recall: 0.3292847503373819
F1: 0.45508237488343173
Correct: 732
Incorrect: 262
Missed: 1491

Time elapsed: 324.078813791275 seconds.

================================
================================

Model: lstm-crf-cnn
Use features: False
Self train: False
----------------

Epoch: 0, Loss: 0.852355, F1: 0.890192 - IMPROVED
Epoch: 1, Loss: 0.353844, F1: 0.905371 - IMPROVED
Epoch: 2, Loss: 0.278533, F1: 0.937500 - IMPROVED
Epoch: 3, Loss: 0.224417, F1: 0.937692 - IMPROVED
Epoch: 4, Loss: 0.181545, F1: 0.955761 - IMPROVED
Epoch: 5, Loss: 0.153894, F1: 0.950854 
Epoch: 6, Loss: 0.135099, F1: 0.964341 - IMPROVED
Epoch: 7, Loss: 0.116989, F1: 0.966650 - IMPROVED
Epoch: 8, Loss: 0.103501, F1: 0.969168 - IMPROVED
Epoch: 9, Loss: 0.093475, F1: 0.969666 - IMPROVED
----------------
Validate
----------------
Accuracy: 0.9959014786053261
Precision: 0.9751809720785936
Recall: 0.9642126789366053
F1: 0.9696658097686375
Correct: 943
Incorrect: 24
Missed: 35

----------------
Test
----------------
Accuracy: 0.8032758013384995
Precision: 0.7702331961591221
Recall: 0.5051731893837157
F1: 0.6101602825319207
Correct: 1123
Incorrect: 335
Missed: 1100

Time elapsed: 975.8595762252808 seconds.

================================
================================

Model: lstm-crf-lstm
Use features: False
Self train: False
----------------

Epoch: 0, Loss: 0.840358, F1: 0.887755 - IMPROVED
Epoch: 1, Loss: 0.304262, F1: 0.940198 - IMPROVED
Epoch: 2, Loss: 0.225210, F1: 0.947044 - IMPROVED
Epoch: 3, Loss: 0.174414, F1: 0.968702 - IMPROVED
Epoch: 4, Loss: 0.138124, F1: 0.972251 - IMPROVED
Epoch: 5, Loss: 0.116365, F1: 0.972336 - IMPROVED
Epoch: 6, Loss: 0.103478, F1: 0.975761 - IMPROVED
Epoch: 7, Loss: 0.091036, F1: 0.975334 
Epoch: 8, Loss: 0.080941, F1: 0.976434 - IMPROVED
Epoch: 9, Loss: 0.072060, F1: 0.977343 - IMPROVED
----------------
Validate
----------------
Accuracy: 0.9961760207083187
Precision: 0.9844398340248963
Recall: 0.9703476482617587
F1: 0.9773429454170958
Correct: 949
Incorrect: 15
Missed: 29

----------------
Test
----------------
Accuracy: 0.8018165349972324
Precision: 0.7576747224036577
Recall: 0.5218173639226271
F1: 0.6180074587107086
Correct: 1160
Incorrect: 371
Missed: 1063

Time elapsed: 557.0824058055878 seconds.

================================
================================

Model: nb
Use features: True
Self train: False
----------------

----------------
Validate
----------------
Accuracy: 0.9474447974271483
Precision: 0.8130921619293713
Recall: 0.9652351738241309
F1: 0.8826554464703132
Correct: 944
Incorrect: 217
Missed: 34

----------------
Test
----------------
Accuracy: 0.6410456398128114
Precision: 0.5544772827525364
Recall: 0.5654520917678812
F1: 0.5599109131403117
Correct: 1257
Incorrect: 1010
Missed: 966

Time elapsed: 18.284648418426514 seconds.

================================
================================

Model: hmm-1
Use features: True
Self train: False
----------------

----------------
Validate
----------------
Accuracy: 0.9761344471898655
Precision: 0.8285968028419183
Recall: 0.9539877300613497
F1: 0.8868821292775665
Correct: 933
Incorrect: 193
Missed: 45

----------------
Test
----------------
Accuracy: 0.7300357268655966
Precision: 0.537855579868709
Recall: 0.5528565002249213
F1: 0.5452528837622006
Correct: 1229
Incorrect: 1056
Missed: 994

Time elapsed: 18.440187215805054 seconds.

================================
================================

Model: hmm-2
Use features: True
Self train: False
----------------

----------------
Validate
----------------
Accuracy: 0.977193395301408
Precision: 0.7961409395973155
Recall: 0.9703476482617587
F1: 0.8746543778801844
Correct: 949
Incorrect: 243
Missed: 29

----------------
Test
----------------
Accuracy: 0.7340612891863332
Precision: 0.5023771790808241
Recall: 0.5704003598740441
F1: 0.5342321466189174
Correct: 1268
Incorrect: 1256
Missed: 955

Time elapsed: 27.503119945526123 seconds.

================================
================================

Model: hmm-3
Use features: True
Self train: False
----------------

----------------
Validate
----------------
Accuracy: 0.9771541750009806
Precision: 0.7938230383973289
Recall: 0.9723926380368099
F1: 0.8740808823529412
Correct: 951
Incorrect: 247
Missed: 27

----------------
Test
----------------
Accuracy: 0.7319981884969556
Precision: 0.5013784954706577
Recall: 0.5726495726495726
F1: 0.5346493070138597
Correct: 1273
Incorrect: 1266
Missed: 950

Time elapsed: 51.72442674636841 seconds.

================================
================================

Model: maxent
Use features: True
Self train: False
----------------

Epoch: 0, Loss: 0.042819, F1: 0.692258 - IMPROVED
Epoch: 1, Loss: 0.019895, F1: 0.800000 - IMPROVED
Epoch: 2, Loss: 0.016033, F1: 0.826011 - IMPROVED
Epoch: 3, Loss: 0.014348, F1: 0.835664 - IMPROVED
Epoch: 4, Loss: 0.013370, F1: 0.841067 - IMPROVED
Epoch: 5, Loss: 0.012718, F1: 0.846909 - IMPROVED
Epoch: 6, Loss: 0.012246, F1: 0.851382 - IMPROVED
Epoch: 7, Loss: 0.011885, F1: 0.852044 - IMPROVED
Epoch: 8, Loss: 0.011598, F1: 0.854023 - IMPROVED
Epoch: 9, Loss: 0.011361, F1: 0.855339 - IMPROVED
----------------
Validate
----------------
Accuracy: 0.9876848256657647
Precision: 0.975130890052356
Recall: 0.7617586912065439
F1: 0.8553386911595867
Correct: 745
Incorrect: 19
Missed: 233

----------------
Test
----------------
Accuracy: 0.7922558244854828
Precision: 0.7620423892100193
Recall: 0.355825461088619
F1: 0.48512726157620367
Correct: 791
Incorrect: 247
Missed: 1432

Time elapsed: 95.69868898391724 seconds.

================================
================================

Model: crf
Use features: True
Self train: False
----------------

Epoch: 0, Loss: 1.222104, F1: 0.919287 - IMPROVED
Epoch: 1, Loss: 0.317413, F1: 0.934771 - IMPROVED
Epoch: 2, Loss: 0.305810, F1: 0.939050 - IMPROVED
Epoch: 3, Loss: 0.301077, F1: 0.941176 - IMPROVED
Epoch: 4, Loss: 0.298491, F1: 0.942268 - IMPROVED
Epoch: 5, Loss: 0.297527, F1: 0.945361 - IMPROVED
Epoch: 6, Loss: 0.295785, F1: 0.943164 
Epoch: 7, Loss: 0.296350, F1: 0.942740 
Epoch: 8, Loss: 0.295074, F1: 0.943901 
Epoch: 9, Loss: 0.294277, F1: 0.939347 
----------------
Validate
----------------
Accuracy: 0.9924893124681335
Precision: 0.9532224532224532
Recall: 0.9376278118609407
F1: 0.9453608247422681
Correct: 917
Incorrect: 45
Missed: 61

----------------
Test
----------------
Accuracy: 0.7978664519700096
Precision: 0.7583120204603581
Recall: 0.5335132703553757
F1: 0.6263533139688408
Correct: 1186
Incorrect: 378
Missed: 1037

Time elapsed: 117.87959289550781 seconds.

================================
================================

Model: lstm-crf
Use features: True
Self train: False
----------------

Epoch: 0, Loss: 0.659155, F1: 0.930621 - IMPROVED
Epoch: 1, Loss: 0.228278, F1: 0.948507 - IMPROVED
Epoch: 2, Loss: 0.182046, F1: 0.957688 - IMPROVED
Epoch: 3, Loss: 0.158002, F1: 0.966684 - IMPROVED
Epoch: 4, Loss: 0.135675, F1: 0.969572 - IMPROVED
Epoch: 5, Loss: 0.120935, F1: 0.972336 - IMPROVED
Epoch: 6, Loss: 0.107570, F1: 0.973306 - IMPROVED
Epoch: 7, Loss: 0.095794, F1: 0.970408 
Epoch: 8, Loss: 0.086439, F1: 0.975910 - IMPROVED
Epoch: 9, Loss: 0.075675, F1: 0.974729 
----------------
Validate
----------------
Accuracy: 0.9967054947640899
Precision: 0.9784172661870504
Recall: 0.9734151329243353
F1: 0.9759097898513582
Correct: 952
Incorrect: 21
Missed: 26

----------------
Test
----------------
Accuracy: 0.8058169375534645
Precision: 0.7704381948986265
Recall: 0.5299145299145299
F1: 0.6279317697228145
Correct: 1178
Incorrect: 351
Missed: 1045

Time elapsed: 335.6972506046295 seconds.

================================
================================

Model: lstm-crf-cnn
Use features: True
Self train: False
----------------

Epoch: 0, Loss: 0.692262, F1: 0.938478 - IMPROVED
Epoch: 1, Loss: 0.222619, F1: 0.957718 - IMPROVED
Epoch: 2, Loss: 0.178389, F1: 0.963345 - IMPROVED
Epoch: 3, Loss: 0.154692, F1: 0.965694 - IMPROVED
Epoch: 4, Loss: 0.135256, F1: 0.965517 
Epoch: 5, Loss: 0.122085, F1: 0.969104 - IMPROVED
Epoch: 6, Loss: 0.108834, F1: 0.974385 - IMPROVED
Epoch: 7, Loss: 0.097912, F1: 0.973940 
Epoch: 8, Loss: 0.087832, F1: 0.975984 - IMPROVED
Epoch: 9, Loss: 0.080201, F1: 0.976483 - IMPROVED
----------------
Validate
----------------
Accuracy: 0.9966858846138762
Precision: 0.976482617586912
Recall: 0.976482617586912
F1: 0.976482617586912
Correct: 955
Incorrect: 23
Missed: 23

----------------
Test
----------------
Accuracy: 0.8008353041815529
Precision: 0.7577679137603044
Recall: 0.537561853351327
F1: 0.6289473684210527
Correct: 1195
Incorrect: 382
Missed: 1028

Time elapsed: 991.7719759941101 seconds.

================================
================================

Model: lstm-crf-lstm
Use features: True
Self train: False
----------------

Epoch: 0, Loss: 1.468098, F1: 0.935052 - IMPROVED
Epoch: 1, Loss: 0.233542, F1: 0.949537 - IMPROVED
Epoch: 2, Loss: 0.189554, F1: 0.960573 - IMPROVED
Epoch: 3, Loss: 0.160114, F1: 0.962090 - IMPROVED
Epoch: 4, Loss: 0.140162, F1: 0.960499 
Epoch: 5, Loss: 0.123304, F1: 0.969821 - IMPROVED
Epoch: 6, Loss: 0.105954, F1: 0.969944 - IMPROVED
Epoch: 7, Loss: 0.098534, F1: 0.973251 - IMPROVED
Epoch: 8, Loss: 0.089344, F1: 0.974280 - IMPROVED
Epoch: 9, Loss: 0.078424, F1: 0.972279 
----------------
Validate
----------------
Accuracy: 0.9961564105581049
Precision: 0.9803312629399586
Recall: 0.9683026584867076
F1: 0.9742798353909466
Correct: 947
Incorrect: 19
Missed: 31

----------------
Test
----------------
Accuracy: 0.8034016001610225
Precision: 0.7835468644639245
Recall: 0.5227170490328386
F1: 0.6270912034538587
Correct: 1162
Incorrect: 321
Missed: 1061

Time elapsed: 579.1570355892181 seconds.

================================
================================

Model: nb
Use features: True
Self train: True
----------------

----------------
Validate
----------------
Accuracy: 0.9474447974271483
Precision: 0.8130921619293713
Recall: 0.9652351738241309
F1: 0.8826554464703132
Correct: 944
Incorrect: 217
Missed: 34

----------------
Test
----------------
Accuracy: 0.6386051426558648
Precision: 0.5382017728999577
Recall: 0.573549257759784
F1: 0.5553135888501742
Correct: 1275
Incorrect: 1094
Missed: 948

Time elapsed: 25.90042519569397 seconds.

================================
================================

Model: hmm-1
Use features: True
Self train: True
----------------

----------------
Validate
----------------
Accuracy: 0.9761344471898655
Precision: 0.8285968028419183
Recall: 0.9539877300613497
F1: 0.8868821292775665
Correct: 933
Incorrect: 193
Missed: 45

----------------
Test
----------------
Accuracy: 0.724601217732602
Precision: 0.5228703315148971
Recall: 0.5605038236617184
F1: 0.5410334346504558
Correct: 1246
Incorrect: 1137
Missed: 977

Time elapsed: 23.967368602752686 seconds.

================================
================================

Model: hmm-2
Use features: True
Self train: True
----------------

----------------
Validate
----------------
Accuracy: 0.9771541750009806
Precision: 0.7953020134228188
Recall: 0.9693251533742331
F1: 0.8737327188940092
Correct: 948
Incorrect: 244
Missed: 30

----------------
Test
----------------
Accuracy: 0.7389422835002264
Precision: 0.5100830367734283
Recall: 0.5802968960863698
F1: 0.5429292929292929
Correct: 1290
Incorrect: 1239
Missed: 933

Time elapsed: 41.64278554916382 seconds.

================================
================================

Model: hmm-3
Use features: True
Self train: True
----------------

----------------
Validate
----------------
Accuracy: 0.9771541750009806
Precision: 0.7938230383973289
Recall: 0.9723926380368099
F1: 0.8740808823529412
Correct: 951
Incorrect: 247
Missed: 27

----------------
Test
----------------
Accuracy: 0.7371559402203995
Precision: 0.5009807767752059
Recall: 0.5744489428699955
F1: 0.5352053646269908
Correct: 1277
Incorrect: 1272
Missed: 946

Time elapsed: 94.92126226425171 seconds.

================================
